        -:    0:Source:C:/Users/saahi/CLionProjects/commandLineTool/src/stats.cpp
        -:    0:Graph:C:\Users\saahi\CLionProjects\commandLineTool\cmake-build-debug-coverage\CMakeFiles\commandLineTool.dir\src\stats.cpp.gcno
        -:    0:Data:C:\Users\saahi\CLionProjects\commandLineTool\cmake-build-debug-coverage\CMakeFiles\commandLineTool.dir\src\stats.cpp.gcda
        -:    0:Runs:1
        -:    1://
        -:    2:// Created by saahi on 6/24/2024.
        -:    3://
        -:    4:#include "../include/stats.h"
        -:    5:#include "../include/error.h"
        -:    6:
function _ZN5Stats15uniqueWordCountERKNSt7__cxx1112basic_stringIcSt11char_traitsIcESaIcEEE called 0 returned 0% blocks executed 0%
    #####:    7:int Stats::uniqueWordCount(const std::string& filename) {
    #####:    8:    std::ifstream file(filename);
    %%%%%:    8-block  0
call    0 never executed
branch  1 never executed (fallthrough)
branch  2 never executed (throw)
    #####:    9:    if (!file.is_open()) {
    %%%%%:    9-block  0
call    0 never executed
branch  1 never executed (fallthrough)
branch  2 never executed
    #####:   10:        throw FileError(filename);
    %%%%%:   10-block  0
call    0 never executed
call    1 never executed
branch  2 never executed (fallthrough)
branch  3 never executed (throw)
    %%%%%:   10-block  1
call    4 never executed
    $$$$$:   10-block  2
call    5 never executed
        -:   11:    }
        -:   12:
    #####:   13:    std::string word;
    %%%%%:   13-block  0
call    0 never executed
    #####:   14:    std::unordered_set<std::string> uniqueWords;
call    0 never executed
    #####:   15:    while (file >> word) {
    %%%%%:   15-block  0
call    0 never executed
branch  1 never executed (fallthrough)
branch  2 never executed (throw)
    %%%%%:   15-block  1
call    3 never executed
branch  4 never executed (fallthrough)
branch  5 never executed (throw)
    %%%%%:   15-block  2
branch  6 never executed
branch  7 never executed (fallthrough)
    #####:   16:        uniqueWords.insert(word);
    %%%%%:   16-block  0
call    0 never executed
branch  1 never executed (fallthrough)
branch  2 never executed (throw)
    %%%%%:   16-block  1
    $$$$$:   16-block  2
        -:   17:    }
    #####:   18:    file.close();
    %%%%%:   18-block  0
call    0 never executed
branch  1 never executed (fallthrough)
branch  2 never executed (throw)
    #####:   19:    return uniqueWords.size();
    %%%%%:   19-block  0
call    0 never executed
    %%%%%:   19-block  1
    #####:   20:}
    %%%%%:   20-block  0
call    0 never executed
call    1 never executed
call    2 never executed
    $$$$$:   20-block  1
call    3 never executed
    $$$$$:   20-block  2
call    4 never executed
    $$$$$:   20-block  3
call    5 never executed
        -:   21:
function _ZN5Stats17averageWordLengthERKNSt7__cxx1112basic_stringIcSt11char_traitsIcESaIcEEE called 0 returned 0% blocks executed 0%
    #####:   22:double Stats::averageWordLength(const std::string& filename) {
    #####:   23:    std::ifstream file(filename);
    %%%%%:   23-block  0
call    0 never executed
branch  1 never executed (fallthrough)
branch  2 never executed (throw)
    #####:   24:    if (!file.is_open()) {
    %%%%%:   24-block  0
call    0 never executed
branch  1 never executed (fallthrough)
branch  2 never executed
    #####:   25:        throw FileError(filename);
    %%%%%:   25-block  0
call    0 never executed
call    1 never executed
branch  2 never executed (fallthrough)
branch  3 never executed (throw)
    %%%%%:   25-block  1
call    4 never executed
    $$$$$:   25-block  2
call    5 never executed
        -:   26:    }
        -:   27:
    #####:   28:    std::string word;
    %%%%%:   28-block  0
call    0 never executed
    #####:   29:    int totalLength = 0;
    #####:   30:    int wordCount = 0;
    #####:   31:    while (file >> word) {
    %%%%%:   31-block  0
call    0 never executed
branch  1 never executed (fallthrough)
branch  2 never executed (throw)
    %%%%%:   31-block  1
call    3 never executed
branch  4 never executed (fallthrough)
branch  5 never executed (throw)
    %%%%%:   31-block  2
branch  6 never executed
branch  7 never executed (fallthrough)
    #####:   32:        totalLength += word.length();
    %%%%%:   32-block  0
call    0 never executed
    #####:   33:        wordCount++;
        -:   34:    }
    #####:   35:    file.close();
    %%%%%:   35-block  0
call    0 never executed
branch  1 never executed (fallthrough)
branch  2 never executed (throw)
    #####:   36:    return wordCount > 0 ? static_cast<double>(totalLength) / wordCount : 0.0;
    %%%%%:   36-block  0
branch  0 never executed (fallthrough)
branch  1 never executed
    %%%%%:   36-block  1
    %%%%%:   36-block  2
    %%%%%:   36-block  3
    %%%%%:   36-block  4
    #####:   37:}
    %%%%%:   37-block  0
call    0 never executed
call    1 never executed
    $$$$$:   37-block  1
call    2 never executed
    $$$$$:   37-block  2
call    3 never executed
        -:   38:
function _ZN5Stats22specificCharacterCountERKNSt7__cxx1112basic_stringIcSt11char_traitsIcESaIcEEEc called 0 returned 0% blocks executed 0%
    #####:   39:int Stats::specificCharacterCount(const std::string& filename, char specificChar) {
    #####:   40:    std::ifstream file(filename);
    %%%%%:   40-block  0
call    0 never executed
branch  1 never executed (fallthrough)
branch  2 never executed (throw)
    #####:   41:    if (!file.is_open()) {
    %%%%%:   41-block  0
call    0 never executed
branch  1 never executed (fallthrough)
branch  2 never executed
    #####:   42:        throw FileError(filename);
    %%%%%:   42-block  0
call    0 never executed
call    1 never executed
branch  2 never executed (fallthrough)
branch  3 never executed (throw)
    %%%%%:   42-block  1
call    4 never executed
    $$$$$:   42-block  2
call    5 never executed
        -:   43:    }
        -:   44:    char ch;
    #####:   45:    int charCount = 0;
    #####:   46:    while (file.get(ch)) {
    %%%%%:   46-block  0
    %%%%%:   46-block  1
call    0 never executed
branch  1 never executed (fallthrough)
branch  2 never executed (throw)
    %%%%%:   46-block  2
call    3 never executed
branch  4 never executed (fallthrough)
branch  5 never executed (throw)
    %%%%%:   46-block  3
branch  6 never executed
branch  7 never executed (fallthrough)
    #####:   47:        if (ch == specificChar) {
    %%%%%:   47-block  0
branch  0 never executed (fallthrough)
branch  1 never executed
    #####:   48:            charCount++;
    %%%%%:   48-block  0
        -:   49:        }
        -:   50:    }
    #####:   51:    file.close();
    %%%%%:   51-block  0
call    0 never executed
branch  1 never executed (fallthrough)
branch  2 never executed (throw)
    #####:   52:    return charCount;
    %%%%%:   52-block  0
    #####:   53:}
    %%%%%:   53-block  0
call    0 never executed
    $$$$$:   53-block  1
call    1 never executed
